<?xml version="1.0" encoding="UTF-8"?>
<testng-results skipped="0" failed="0" ignored="0" total="1" passed="1">
  <reporter-output>
  </reporter-output>
  <suite name="Surefire suite" duration-ms="13226" started-at="2021-08-21T01:19:29 CEST" finished-at="2021-08-21T01:19:42 CEST">
    <groups>
    </groups>
    <test name="Surefire test" duration-ms="13226" started-at="2021-08-21T01:19:29 CEST" finished-at="2021-08-21T01:19:42 CEST">
      <class name="org.example.AppTest">
        <test-method status="PASS" signature="shouldAnswerWithTrue()[pri:0, instance:org.example.AppTest@3f49dace]" name="shouldAnswerWithTrue" duration-ms="13116" started-at="2021-08-21T01:19:29 CEST" finished-at="2021-08-21T01:19:42 CEST">
          <reporter-output>
          </reporter-output>
        </test-method> <!-- shouldAnswerWithTrue -->
      </class> <!-- org.example.AppTest -->
    </test> <!-- Surefire test -->
  </suite> <!-- Surefire suite -->
</testng-results>
